Sat Nov  9 18:57:45 2019
[successful init]
[100 100 100 100 ]
Sat Nov  9 18:57:45 2019
[user 0 successfully allocated.[[1,40],[3,41]]]
[100 60 90 59 ]
Sat Nov  9 18:57:45 2019
[user 1 successfully allocated.[[2,10]]]
[100 60 90 59 ]
Sat Nov  9 18:57:45 2019
[user 4 successfully allocated.[[0,95]]]
[5 60 90 59 ]
Sat Nov  9 18:57:45 2019
[user 3 FAILED to allocated.[[2,15]]]
[5 60 90 59 ]
Sat Nov  9 18:57:45 2019
[user 2 FAILED to allocated.[[1,18],[2,32],[3,32]]]
[5 60 90 59 ]
Sat Nov  9 18:57:45 2019
[user 5 FAILED to allocated.[[0,7],[1,73],[3,71]]]
[5 60 90 59 ]
Sat Nov  9 18:57:45 2019
[user 7 successfully allocated.[[2,5]]]
[5 60 85 59 ]
Sat Nov  9 18:57:45 2019
[user 6 FAILED to allocated.[[0,2],[3,3]]]
[5 60 85 59 ]
Sat Nov  9 18:57:45 2019
[user 9 FAILED to allocated.[[0,24],[2,32]]]
[5 60 85 59 ]
Sat Nov  9 18:57:45 2019
[user 8 FAILED to allocated.[[0,82],[1,1],[3,4]]]
[5 60 85 59 ]
Sat Nov  9 18:57:46 2019
[user 1 successfully allocated.[[2,7]]]
[5 60 78 59 ]
Sat Nov  9 18:57:46 2019
[user 0 successfully allocated.[[3,16]]]
[5 60 78 43 ]
Sat Nov  9 18:57:46 2019
[user 4 successfully allocated.[[0,3]]]
[2 60 78 43 ]
Sat Nov  9 18:57:46 2019
[user 7 free all resourses.]
[2 60 83 43 ]
Sat Nov  9 18:57:47 2019
[user 1 successfully allocated.[[2,11]]]
[2 60 72 43 ]
Sat Nov  9 18:57:47 2019
[user 0 free all resourses.]
[2 100 72 100 ]
Sat Nov  9 18:57:47 2019
[user 2 was Blocked and successfully allocated now.[[1,18],[2,32],[3,32]]]
[2 82 40 68 ]
Sat Nov  9 18:57:47 2019
[user 4 free all resourses.]
[100 82 40 68 ]
Sat Nov  9 18:57:47 2019
[user 6 was Blocked and successfully allocated now.[[0,2],[3,3]]]
[98 82 40 65 ]
Sat Nov  9 18:57:47 2019
[user 8 was Blocked and successfully allocated now.[[0,82],[1,1],[3,4]]]
[16 81 40 61 ]
Sat Nov  9 18:57:48 2019
[user 1 successfully allocated.[[2,1]]]
[16 81 39 61 ]
Sat Nov  9 18:57:48 2019
[user 2 successfully allocated.[[1,12],[2,14],[3,2]]]
[16 69 25 59 ]
Sat Nov  9 18:57:48 2019
[user 6 free all resourses.]
[18 69 25 62 ]
Sat Nov  9 18:57:48 2019
[user 8 successfully allocated.[[0,1],[1,8],[3,4]]]
[17 61 25 58 ]
Sat Nov  9 18:57:49 2019
[user 1 successfully allocated.[[2,5]]]
[17 61 20 58 ]
Sat Nov  9 18:57:49 2019
[user 2 successfully allocated.[[1,17],[2,9],[3,8]]]
[17 44 11 50 ]
Sat Nov  9 18:57:49 2019
[user 8 successfully allocated.[[0,3],[1,6],[3,4]]]
[14 38 11 46 ]
Sat Nov  9 18:57:50 2019
[user 1 free all resourses.]
[14 38 45 46 ]
Sat Nov  9 18:57:50 2019
[user 2 free all resourses.]
[14 85 100 88 ]
Sat Nov  9 18:57:50 2019
[user 3 was Blocked and successfully allocated now.[[2,15]]]
[14 85 85 88 ]
Sat Nov  9 18:57:50 2019
[user 8 successfully allocated.[[0,1],[1,23],[3,1]]]
[13 62 85 87 ]
Sat Nov  9 18:57:51 2019
[user 8 free all resourses.]
[100 100 85 100 ]
Sat Nov  9 18:57:51 2019
[user 9 was Blocked and successfully allocated now.[[0,24],[2,32]]]
[76 100 53 100 ]
Sat Nov  9 18:57:51 2019
[user 5 was Blocked and successfully allocated now.[[0,7],[1,73],[3,71]]]
[69 27 53 29 ]
Sat Nov  9 18:57:51 2019
[user 3 FAILED to allocated.[[2,10]]]
[69 27 53 29 ]
Sat Nov  9 18:57:52 2019
[user 9 successfully allocated.[[0,33],[2,6]]]
[36 27 47 29 ]
Sat Nov  9 18:57:52 2019
[user 5 successfully allocated.[[0,11],[1,1],[3,10]]]
[25 26 47 19 ]
Sat Nov  9 18:57:53 2019
[user 9 successfully allocated.[[0,10],[2,3]]]
[15 26 44 19 ]
Sat Nov  9 18:57:53 2019
[user 5 successfully allocated.[[0,4],[1,4],[3,5]]]
[11 22 44 14 ]
Sat Nov  9 18:57:54 2019
[user 5 free all resourses.]
[33 100 44 100 ]
Sat Nov  9 18:57:54 2019
[user 9 successfully allocated.[[0,3]]]
[30 100 44 100 ]
Sat Nov  9 18:57:55 2019
[user 9 successfully allocated.[[0,10]]]
[20 100 44 100 ]
Sat Nov  9 18:57:56 2019
[user 9 free all resourses.]
[100 100 85 100 ]
Sat Nov  9 18:57:56 2019
[user 3 was Blocked and successfully allocated now.[[2,10]]]
[100 100 75 100 ]
Sat Nov  9 18:57:57 2019
[user 3 successfully allocated.[[2,47]]]
[100 100 28 100 ]
Sat Nov  9 18:57:58 2019
[user 3 successfully allocated.[[2,22]]]
[100 100 6 100 ]
Sat Nov  9 18:57:59 2019
[user 3 successfully allocated.[[2,5]]]
[100 100 1 100 ]
Sat Nov  9 18:58:00 2019
[user 3 free all resourses.]
[100 100 100 100 ]
